C:\Program Files (x86)\Microsoft Visual Studio\2019\Community\MSBuild\Microsoft\VC\v160\Microsoft.CppCommon.targets(36,5): warning MSB4211: 正在首次将属性“IntermediateOutputPath”设置为某个值，但已在“C:\Program Files (x86)\Microsoft Visual Studio\2019\Community\MSBuild\Microsoft\VC\v160\Microsoft.CppCommon.targets (35,5)”处使用了该属性。
C:\Program Files (x86)\Microsoft Visual Studio\2019\Community\MSBuild\Current\Bin\Microsoft.Common.CurrentVersion.targets(337,5): warning MSB4211: 正在首次将属性“CleanFile”设置为某个值，但已在“C:\Program Files (x86)\Microsoft Visual Studio\2019\Community\MSBuild\Microsoft\VC\v160\Microsoft.CppCommon.targets (35,5)”处使用了该属性。
  main.cpp
json_vc71_libmtd.lib(json_value.obj) : error LNK2038: 检测到“RuntimeLibrary”的不匹配项: 值“MTd_StaticDebug”不匹配值“MDd_DynamicDebug”(main.obj 中)
json_vc71_libmtd.lib(json_writer.obj) : error LNK2038: 检测到“RuntimeLibrary”的不匹配项: 值“MTd_StaticDebug”不匹配值“MDd_DynamicDebug”(main.obj 中)
json_vc71_libmtd.lib(json_writer.obj) : error LNK2005: "protected: __thiscall std::basic_ios<char,struct std::char_traits<char> >::basic_ios<char,struct std::char_traits<char> >(void)" (??0?$basic_ios@DU?$char_traits@D@std@@@std@@IAE@XZ) 已经在 msvcprtd.lib(MSVCP140D.dll) 中定义
json_vc71_libmtd.lib(json_writer.obj) : error LNK2005: "public: __thiscall std::basic_ostream<char,struct std::char_traits<char> >::basic_ostream<char,struct std::char_traits<char> >(class std::basic_streambuf<char,struct std::char_traits<char> > *,bool)" (??0?$basic_ostream@DU?$char_traits@D@std@@@std@@QAE@PAV?$basic_streambuf@DU?$char_traits@D@std@@@1@_N@Z) 已经在 msvcprtd.lib(MSVCP140D.dll) 中定义
json_vc71_libmtd.lib(json_writer.obj) : error LNK2005: "protected: __thiscall std::basic_streambuf<char,struct std::char_traits<char> >::basic_streambuf<char,struct std::char_traits<char> >(void)" (??0?$basic_streambuf@DU?$char_traits@D@std@@@std@@IAE@XZ) 已经在 msvcprtd.lib(MSVCP140D.dll) 中定义
json_vc71_libmtd.lib(json_writer.obj) : error LNK2005: "public: virtual __thiscall std::basic_ios<char,struct std::char_traits<char> >::~basic_ios<char,struct std::char_traits<char> >(void)" (??1?$basic_ios@DU?$char_traits@D@std@@@std@@UAE@XZ) 已经在 msvcprtd.lib(MSVCP140D.dll) 中定义
json_vc71_libmtd.lib(json_writer.obj) : error LNK2005: "public: virtual __thiscall std::basic_ostream<char,struct std::char_traits<char> >::~basic_ostream<char,struct std::char_traits<char> >(void)" (??1?$basic_ostream@DU?$char_traits@D@std@@@std@@UAE@XZ) 已经在 msvcprtd.lib(MSVCP140D.dll) 中定义
json_vc71_libmtd.lib(json_writer.obj) : error LNK2005: "public: virtual __thiscall std::basic_streambuf<char,struct std::char_traits<char> >::~basic_streambuf<char,struct std::char_traits<char> >(void)" (??1?$basic_streambuf@DU?$char_traits@D@std@@@std@@UAE@XZ) 已经在 msvcprtd.lib(MSVCP140D.dll) 中定义
json_vc71_libmtd.lib(json_writer.obj) : error LNK2005: "public: __thiscall std::locale::id::operator unsigned int(void)" (??Bid@locale@std@@QAEIXZ) 已经在 msvcprtd.lib(MSVCP140D.dll) 中定义
json_vc71_libmtd.lib(json_writer.obj) : error LNK2005: "protected: __int64 __thiscall std::basic_streambuf<char,struct std::char_traits<char> >::_Gnavail(void)const " (?_Gnavail@?$basic_streambuf@DU?$char_traits@D@std@@@std@@IBE_JXZ) 已经在 msvcprtd.lib(MSVCP140D.dll) 中定义
json_vc71_libmtd.lib(json_writer.obj) : error LNK2005: "protected: char * __thiscall std::basic_streambuf<char,struct std::char_traits<char> >::_Gninc(void)" (?_Gninc@?$basic_streambuf@DU?$char_traits@D@std@@@std@@IAEPADXZ) 已经在 msvcprtd.lib(MSVCP140D.dll) 中定义
json_vc71_libmtd.lib(json_writer.obj) : error LNK2005: "protected: void __thiscall std::basic_streambuf<char,struct std::char_traits<char> >::_Init(void)" (?_Init@?$basic_streambuf@DU?$char_traits@D@std@@@std@@IAEXXZ) 已经在 msvcprtd.lib(MSVCP140D.dll) 中定义
json_vc71_libmtd.lib(json_writer.obj) : error LNK2005: "public: void __thiscall std::basic_ostream<char,struct std::char_traits<char> >::_Osfx(void)" (?_Osfx@?$basic_ostream@DU?$char_traits@D@std@@@std@@QAEXXZ) 已经在 msvcprtd.lib(MSVCP140D.dll) 中定义
json_vc71_libmtd.lib(json_writer.obj) : error LNK2005: "protected: __int64 __thiscall std::basic_streambuf<char,struct std::char_traits<char> >::_Pnavail(void)const " (?_Pnavail@?$basic_streambuf@DU?$char_traits@D@std@@@std@@IBE_JXZ) 已经在 msvcprtd.lib(MSVCP140D.dll) 中定义
json_vc71_libmtd.lib(json_writer.obj) : error LNK2005: "protected: char * __thiscall std::basic_streambuf<char,struct std::char_traits<char> >::_Pninc(void)" (?_Pninc@?$basic_streambuf@DU?$char_traits@D@std@@@std@@IAEPADXZ) 已经在 msvcprtd.lib(MSVCP140D.dll) 中定义
json_vc71_libmtd.lib(json_writer.obj) : error LNK2005: "public: void __thiscall std::basic_ios<char,struct std::char_traits<char> >::clear(int,bool)" (?clear@?$basic_ios@DU?$char_traits@D@std@@@std@@QAEXH_N@Z) 已经在 msvcprtd.lib(MSVCP140D.dll) 中定义
json_vc71_libmtd.lib(json_writer.obj) : error LNK2005: "protected: char * __thiscall std::basic_streambuf<char,struct std::char_traits<char> >::eback(void)const " (?eback@?$basic_streambuf@DU?$char_traits@D@std@@@std@@IBEPADXZ) 已经在 msvcprtd.lib(MSVCP140D.dll) 中定义
json_vc71_libmtd.lib(json_writer.obj) : error LNK2005: "protected: char * __thiscall std::basic_streambuf<char,struct std::char_traits<char> >::egptr(void)const " (?egptr@?$basic_streambuf@DU?$char_traits@D@std@@@std@@IBEPADXZ) 已经在 msvcprtd.lib(MSVCP140D.dll) 中定义
json_vc71_libmtd.lib(json_writer.obj) : error LNK2005: "protected: char * __thiscall std::basic_streambuf<char,struct std::char_traits<char> >::epptr(void)const " (?epptr@?$basic_streambuf@DU?$char_traits@D@std@@@std@@IBEPADXZ) 已经在 msvcprtd.lib(MSVCP140D.dll) 中定义
json_vc71_libmtd.lib(json_writer.obj) : error LNK2005: "public: char __thiscall std::basic_ios<char,struct std::char_traits<char> >::fill(void)const " (?fill@?$basic_ios@DU?$char_traits@D@std@@@std@@QBEDXZ) 已经在 msvcprtd.lib(MSVCP140D.dll) 中定义
json_vc71_libmtd.lib(json_writer.obj) : error LNK2005: "public: int __thiscall std::ios_base::flags(void)const " (?flags@ios_base@std@@QBEHXZ) 已经在 msvcprtd.lib(MSVCP140D.dll) 中定义
json_vc71_libmtd.lib(json_writer.obj) : error LNK2005: "public: class std::basic_ostream<char,struct std::char_traits<char> > & __thiscall std::basic_ostream<char,struct std::char_traits<char> >::flush(void)" (?flush@?$basic_ostream@DU?$char_traits@D@std@@@std@@QAEAAV12@XZ) 已经在 msvcprtd.lib(MSVCP140D.dll) 中定义
json_vc71_libmtd.lib(json_writer.obj) : error LNK2005: "protected: void __thiscall std::basic_streambuf<char,struct std::char_traits<char> >::gbump(int)" (?gbump@?$basic_streambuf@DU?$char_traits@D@std@@@std@@IAEXH@Z) 已经在 msvcprtd.lib(MSVCP140D.dll) 中定义
json_vc71_libmtd.lib(json_writer.obj) : error LNK2005: "public: bool __thiscall std::ios_base::good(void)const " (?good@ios_base@std@@QBE_NXZ) 已经在 msvcprtd.lib(MSVCP140D.dll) 中定义
json_vc71_libmtd.lib(json_writer.obj) : error LNK2005: "protected: char * __thiscall std::basic_streambuf<char,struct std::char_traits<char> >::gptr(void)const " (?gptr@?$basic_streambuf@DU?$char_traits@D@std@@@std@@IBEPADXZ) 已经在 msvcprtd.lib(MSVCP140D.dll) 中定义
json_vc71_libmtd.lib(json_writer.obj) : error LNK2005: "protected: void __thiscall std::basic_streambuf<char,struct std::char_traits<char> >::pbump(int)" (?pbump@?$basic_streambuf@DU?$char_traits@D@std@@@std@@IAEXH@Z) 已经在 msvcprtd.lib(MSVCP140D.dll) 中定义
json_vc71_libmtd.lib(json_writer.obj) : error LNK2005: "protected: char * __thiscall std::basic_streambuf<char,struct std::char_traits<char> >::pptr(void)const " (?pptr@?$basic_streambuf@DU?$char_traits@D@std@@@std@@IBEPADXZ) 已经在 msvcprtd.lib(MSVCP140D.dll) 中定义
json_vc71_libmtd.lib(json_writer.obj) : error LNK2005: "public: class std::basic_streambuf<char,struct std::char_traits<char> > * __thiscall std::basic_ios<char,struct std::char_traits<char> >::rdbuf(void)const " (?rdbuf@?$basic_ios@DU?$char_traits@D@std@@@std@@QBEPAV?$basic_streambuf@DU?$char_traits@D@std@@@2@XZ) 已经在 msvcprtd.lib(MSVCP140D.dll) 中定义
json_vc71_libmtd.lib(json_writer.obj) : error LNK2005: "protected: void __thiscall std::basic_streambuf<char,struct std::char_traits<char> >::setg(char *,char *,char *)" (?setg@?$basic_streambuf@DU?$char_traits@D@std@@@std@@IAEXPAD00@Z) 已经在 msvcprtd.lib(MSVCP140D.dll) 中定义
json_vc71_libmtd.lib(json_writer.obj) : error LNK2005: "public: void __thiscall std::basic_ios<char,struct std::char_traits<char> >::setstate(int,bool)" (?setstate@?$basic_ios@DU?$char_traits@D@std@@@std@@QAEXH_N@Z) 已经在 msvcprtd.lib(MSVCP140D.dll) 中定义
json_vc71_libmtd.lib(json_writer.obj) : error LNK2005: "protected: virtual __int64 __thiscall std::basic_streambuf<char,struct std::char_traits<char> >::showmanyc(void)" (?showmanyc@?$basic_streambuf@DU?$char_traits@D@std@@@std@@MAE_JXZ) 已经在 msvcprtd.lib(MSVCP140D.dll) 中定义
json_vc71_libmtd.lib(json_writer.obj) : error LNK2005: "public: int __thiscall std::basic_streambuf<char,struct std::char_traits<char> >::sputc(char)" (?sputc@?$basic_streambuf@DU?$char_traits@D@std@@@std@@QAEHD@Z) 已经在 msvcprtd.lib(MSVCP140D.dll) 中定义
json_vc71_libmtd.lib(json_writer.obj) : error LNK2005: "public: __int64 __thiscall std::basic_streambuf<char,struct std::char_traits<char> >::sputn(char const *,__int64)" (?sputn@?$basic_streambuf@DU?$char_traits@D@std@@@std@@QAE_JPBD_J@Z) 已经在 msvcprtd.lib(MSVCP140D.dll) 中定义
json_vc71_libmtd.lib(json_writer.obj) : error LNK2005: "public: class std::basic_ostream<char,struct std::char_traits<char> > * __thiscall std::basic_ios<char,struct std::char_traits<char> >::tie(void)const " (?tie@?$basic_ios@DU?$char_traits@D@std@@@std@@QBEPAV?$basic_ostream@DU?$char_traits@D@std@@@2@XZ) 已经在 msvcprtd.lib(MSVCP140D.dll) 中定义
json_vc71_libmtd.lib(json_writer.obj) : error LNK2005: "public: __int64 __thiscall std::ios_base::width(__int64)" (?width@ios_base@std@@QAE_J_J@Z) 已经在 msvcprtd.lib(MSVCP140D.dll) 中定义
json_vc71_libmtd.lib(json_writer.obj) : error LNK2005: "public: __int64 __thiscall std::ios_base::width(void)const " (?width@ios_base@std@@QBE_JXZ) 已经在 msvcprtd.lib(MSVCP140D.dll) 中定义
json_vc71_libmtd.lib(json_writer.obj) : error LNK2005: "protected: virtual __int64 __thiscall std::basic_streambuf<char,struct std::char_traits<char> >::xsgetn(char *,__int64)" (?xsgetn@?$basic_streambuf@DU?$char_traits@D@std@@@std@@MAE_JPAD_J@Z) 已经在 msvcprtd.lib(MSVCP140D.dll) 中定义
json_vc71_libmtd.lib(json_writer.obj) : error LNK2005: "protected: virtual __int64 __thiscall std::basic_streambuf<char,struct std::char_traits<char> >::xsputn(char const *,__int64)" (?xsputn@?$basic_streambuf@DU?$char_traits@D@std@@@std@@MAE_JPBD_J@Z) 已经在 msvcprtd.lib(MSVCP140D.dll) 中定义
libcpmtd.lib(xthrow.obj) : error LNK2038: 检测到“RuntimeLibrary”的不匹配项: 值“MTd_StaticDebug”不匹配值“MDd_DynamicDebug”(main.obj 中)
libcpmtd.lib(xthrow.obj) : error LNK2005: "void __cdecl std::_Xbad_alloc(void)" (?_Xbad_alloc@std@@YAXXZ) 已经在 msvcprtd.lib(MSVCP140D.dll) 中定义
libcpmtd.lib(xthrow.obj) : error LNK2005: "void __cdecl std::_Xlength_error(char const *)" (?_Xlength_error@std@@YAXPBD@Z) 已经在 msvcprtd.lib(MSVCP140D.dll) 中定义
libcpmtd.lib(xthrow.obj) : error LNK2005: "void __cdecl std::_Xout_of_range(char const *)" (?_Xout_of_range@std@@YAXPBD@Z) 已经在 msvcprtd.lib(MSVCP140D.dll) 中定义
libcpmtd.lib(syserror.obj) : error LNK2038: 检测到“RuntimeLibrary”的不匹配项: 值“MTd_StaticDebug”不匹配值“MDd_DynamicDebug”(main.obj 中)
libcpmtd.lib(_tolower.obj) : error LNK2038: 检测到“RuntimeLibrary”的不匹配项: 值“MTd_StaticDebug”不匹配值“MDd_DynamicDebug”(main.obj 中)
libcpmtd.lib(xwctomb.obj) : error LNK2038: 检测到“RuntimeLibrary”的不匹配项: 值“MTd_StaticDebug”不匹配值“MDd_DynamicDebug”(main.obj 中)
libcpmtd.lib(_toupper.obj) : error LNK2038: 检测到“RuntimeLibrary”的不匹配项: 值“MTd_StaticDebug”不匹配值“MDd_DynamicDebug”(main.obj 中)
libcpmtd.lib(locale0.obj) : error LNK2038: 检测到“RuntimeLibrary”的不匹配项: 值“MTd_StaticDebug”不匹配值“MDd_DynamicDebug”(main.obj 中)
libcpmtd.lib(locale0.obj) : error LNK2005: "void __cdecl std::_Facet_Register(class std::_Facet_base *)" (?_Facet_Register@std@@YAXPAV_Facet_base@1@@Z) 已经在 msvcprtd.lib(locale0_implib.obj) 中定义
libcpmtd.lib(locale0.obj) : error LNK2005: "private: static class std::locale::_Locimp * __cdecl std::locale::_Getgloballocale(void)" (?_Getgloballocale@locale@std@@CAPAV_Locimp@12@XZ) 已经在 msvcprtd.lib(MSVCP140D.dll) 中定义
libcpmtd.lib(ios.obj) : error LNK2038: 检测到“RuntimeLibrary”的不匹配项: 值“MTd_StaticDebug”不匹配值“MDd_DynamicDebug”(main.obj 中)
libcpmtd.lib(iomanip.obj) : error LNK2038: 检测到“RuntimeLibrary”的不匹配项: 值“MTd_StaticDebug”不匹配值“MDd_DynamicDebug”(main.obj 中)
libcpmtd.lib(iomanip.obj) : error LNK2005: "public: __int64 __thiscall std::ios_base::width(__int64)" (?width@ios_base@std@@QAE_J_J@Z) 已经在 msvcprtd.lib(MSVCP140D.dll) 中定义
libcpmtd.lib(StlLCMapStringA.obj) : error LNK2038: 检测到“RuntimeLibrary”的不匹配项: 值“MTd_StaticDebug”不匹配值“MDd_DynamicDebug”(main.obj 中)
libcpmtd.lib(locale.obj) : error LNK2038: 检测到“RuntimeLibrary”的不匹配项: 值“MTd_StaticDebug”不匹配值“MDd_DynamicDebug”(main.obj 中)
libcpmtd.lib(locale.obj) : error LNK2005: "public: __thiscall std::locale::id::operator unsigned int(void)" (??Bid@locale@std@@QAEIXZ) 已经在 msvcprtd.lib(MSVCP140D.dll) 中定义
libcpmtd.lib(locale.obj) : error LNK2005: "public: static unsigned int __cdecl std::codecvt<char,char,struct _Mbstatet>::_Getcat(class std::locale::facet const * *,class std::locale const *)" (?_Getcat@?$codecvt@DDU_Mbstatet@@@std@@SAIPAPBVfacet@locale@2@PBV42@@Z) 已经在 msvcprtd.lib(MSVCP140D.dll) 中定义
libcpmtd.lib(locale.obj) : error LNK2005: "protected: __int64 __thiscall std::basic_streambuf<char,struct std::char_traits<char> >::_Gnavail(void)const " (?_Gnavail@?$basic_streambuf@DU?$char_traits@D@std@@@std@@IBE_JXZ) 已经在 msvcprtd.lib(MSVCP140D.dll) 中定义
libcpmtd.lib(locale.obj) : error LNK2005: "protected: char * __thiscall std::basic_streambuf<char,struct std::char_traits<char> >::_Gninc(void)" (?_Gninc@?$basic_streambuf@DU?$char_traits@D@std@@@std@@IAEPADXZ) 已经在 msvcprtd.lib(MSVCP140D.dll) 中定义
libcpmtd.lib(locale.obj) : error LNK2005: "protected: __int64 __thiscall std::basic_streambuf<char,struct std::char_traits<char> >::_Pnavail(void)const " (?_Pnavail@?$basic_streambuf@DU?$char_traits@D@std@@@std@@IBE_JXZ) 已经在 msvcprtd.lib(MSVCP140D.dll) 中定义
libcpmtd.lib(locale.obj) : error LNK2005: "protected: char * __thiscall std::basic_streambuf<char,struct std::char_traits<char> >::_Pninc(void)" (?_Pninc@?$basic_streambuf@DU?$char_traits@D@std@@@std@@IAEPADXZ) 已经在 msvcprtd.lib(MSVCP140D.dll) 中定义
libcpmtd.lib(locale.obj) : error LNK2005: "public: int __thiscall std::ios_base::flags(void)const " (?flags@ios_base@std@@QBEHXZ) 已经在 msvcprtd.lib(MSVCP140D.dll) 中定义
libcpmtd.lib(locale.obj) : error LNK2005: "protected: char * __thiscall std::basic_streambuf<char,struct std::char_traits<char> >::gptr(void)const " (?gptr@?$basic_streambuf@DU?$char_traits@D@std@@@std@@IBEPADXZ) 已经在 msvcprtd.lib(MSVCP140D.dll) 中定义
libcpmtd.lib(locale.obj) : error LNK2005: "public: int __thiscall std::basic_streambuf<char,struct std::char_traits<char> >::sputc(char)" (?sputc@?$basic_streambuf@DU?$char_traits@D@std@@@std@@QAEHD@Z) 已经在 msvcprtd.lib(MSVCP140D.dll) 中定义
libcpmtd.lib(locale.obj) : error LNK2005: "public: __int64 __thiscall std::ios_base::width(__int64)" (?width@ios_base@std@@QAE_J_J@Z) 已经在 msvcprtd.lib(MSVCP140D.dll) 中定义
libcpmtd.lib(locale.obj) : error LNK2005: "public: __int64 __thiscall std::ios_base::width(void)const " (?width@ios_base@std@@QBE_JXZ) 已经在 msvcprtd.lib(MSVCP140D.dll) 中定义
libcpmtd.lib(iosptrs.obj) : error LNK2038: 检测到“RuntimeLibrary”的不匹配项: 值“MTd_StaticDebug”不匹配值“MDd_DynamicDebug”(main.obj 中)
libcpmtd.lib(winapinls.obj) : error LNK2038: 检测到“RuntimeLibrary”的不匹配项: 值“MTd_StaticDebug”不匹配值“MDd_DynamicDebug”(main.obj 中)
libcpmtd.lib(wlocale.obj) : error LNK2038: 检测到“RuntimeLibrary”的不匹配项: 值“MTd_StaticDebug”不匹配值“MDd_DynamicDebug”(main.obj 中)
libcpmtd.lib(wlocale.obj) : error LNK2005: "public: __thiscall std::locale::id::operator unsigned int(void)" (??Bid@locale@std@@QAEIXZ) 已经在 msvcprtd.lib(MSVCP140D.dll) 中定义
libcpmtd.lib(wlocale.obj) : error LNK2005: "public: int __thiscall std::ios_base::flags(void)const " (?flags@ios_base@std@@QBEHXZ) 已经在 msvcprtd.lib(MSVCP140D.dll) 中定义
libcpmtd.lib(wlocale.obj) : error LNK2005: "public: __int64 __thiscall std::ios_base::width(__int64)" (?width@ios_base@std@@QAE_J_J@Z) 已经在 msvcprtd.lib(MSVCP140D.dll) 中定义
libcpmtd.lib(wlocale.obj) : error LNK2005: "public: __int64 __thiscall std::ios_base::width(void)const " (?width@ios_base@std@@QBE_JXZ) 已经在 msvcprtd.lib(MSVCP140D.dll) 中定义
libcpmtd.lib(xlocale.obj) : error LNK2038: 检测到“RuntimeLibrary”的不匹配项: 值“MTd_StaticDebug”不匹配值“MDd_DynamicDebug”(main.obj 中)
libcpmtd.lib(xlocale.obj) : error LNK2005: "public: __thiscall std::locale::id::operator unsigned int(void)" (??Bid@locale@std@@QAEIXZ) 已经在 msvcprtd.lib(MSVCP140D.dll) 中定义
libcpmtd.lib(xlocale.obj) : error LNK2005: "protected: __int64 __thiscall std::basic_streambuf<char,struct std::char_traits<char> >::_Gnavail(void)const " (?_Gnavail@?$basic_streambuf@DU?$char_traits@D@std@@@std@@IBE_JXZ) 已经在 msvcprtd.lib(MSVCP140D.dll) 中定义
libcpmtd.lib(xlocale.obj) : error LNK2005: "protected: char * __thiscall std::basic_streambuf<char,struct std::char_traits<char> >::_Gninc(void)" (?_Gninc@?$basic_streambuf@DU?$char_traits@D@std@@@std@@IAEPADXZ) 已经在 msvcprtd.lib(MSVCP140D.dll) 中定义
libcpmtd.lib(xlocale.obj) : error LNK2005: "protected: __int64 __thiscall std::basic_streambuf<char,struct std::char_traits<char> >::_Pnavail(void)const " (?_Pnavail@?$basic_streambuf@DU?$char_traits@D@std@@@std@@IBE_JXZ) 已经在 msvcprtd.lib(MSVCP140D.dll) 中定义
libcpmtd.lib(xlocale.obj) : error LNK2005: "protected: char * __thiscall std::basic_streambuf<char,struct std::char_traits<char> >::_Pninc(void)" (?_Pninc@?$basic_streambuf@DU?$char_traits@D@std@@@std@@IAEPADXZ) 已经在 msvcprtd.lib(MSVCP140D.dll) 中定义
libcpmtd.lib(xlocale.obj) : error LNK2005: "public: int __thiscall std::ios_base::flags(void)const " (?flags@ios_base@std@@QBEHXZ) 已经在 msvcprtd.lib(MSVCP140D.dll) 中定义
libcpmtd.lib(xlocale.obj) : error LNK2005: "protected: char * __thiscall std::basic_streambuf<char,struct std::char_traits<char> >::gptr(void)const " (?gptr@?$basic_streambuf@DU?$char_traits@D@std@@@std@@IBEPADXZ) 已经在 msvcprtd.lib(MSVCP140D.dll) 中定义
libcpmtd.lib(xlocale.obj) : error LNK2005: "public: int __thiscall std::basic_streambuf<char,struct std::char_traits<char> >::sputc(char)" (?sputc@?$basic_streambuf@DU?$char_traits@D@std@@@std@@QAEHD@Z) 已经在 msvcprtd.lib(MSVCP140D.dll) 中定义
libcpmtd.lib(xlocale.obj) : error LNK2005: "public: __int64 __thiscall std::ios_base::width(__int64)" (?width@ios_base@std@@QAE_J_J@Z) 已经在 msvcprtd.lib(MSVCP140D.dll) 中定义
libcpmtd.lib(xlocale.obj) : error LNK2005: "public: __int64 __thiscall std::ios_base::width(void)const " (?width@ios_base@std@@QBE_JXZ) 已经在 msvcprtd.lib(MSVCP140D.dll) 中定义
libcpmtd.lib(xstol.obj) : error LNK2038: 检测到“RuntimeLibrary”的不匹配项: 值“MTd_StaticDebug”不匹配值“MDd_DynamicDebug”(main.obj 中)
libcpmtd.lib(xstoul.obj) : error LNK2038: 检测到“RuntimeLibrary”的不匹配项: 值“MTd_StaticDebug”不匹配值“MDd_DynamicDebug”(main.obj 中)
libcpmtd.lib(xstoll.obj) : error LNK2038: 检测到“RuntimeLibrary”的不匹配项: 值“MTd_StaticDebug”不匹配值“MDd_DynamicDebug”(main.obj 中)
libcpmtd.lib(xstoull.obj) : error LNK2038: 检测到“RuntimeLibrary”的不匹配项: 值“MTd_StaticDebug”不匹配值“MDd_DynamicDebug”(main.obj 中)
libcpmtd.lib(xlock.obj) : error LNK2038: 检测到“RuntimeLibrary”的不匹配项: 值“MTd_StaticDebug”不匹配值“MDd_DynamicDebug”(main.obj 中)
libcpmtd.lib(xlock.obj) : error LNK2005: "public: __thiscall std::_Lockit::_Lockit(int)" (??0_Lockit@std@@QAE@H@Z) 已经在 msvcprtd.lib(MSVCP140D.dll) 中定义
libcpmtd.lib(xlock.obj) : error LNK2005: "public: __thiscall std::_Lockit::~_Lockit(void)" (??1_Lockit@std@@QAE@XZ) 已经在 msvcprtd.lib(MSVCP140D.dll) 中定义
libcpmtd.lib(winapisupp.obj) : error LNK2038: 检测到“RuntimeLibrary”的不匹配项: 值“MTd_StaticDebug”不匹配值“MDd_DynamicDebug”(main.obj 中)
libcpmtd.lib(xstrcoll.obj) : error LNK2038: 检测到“RuntimeLibrary”的不匹配项: 值“MTd_StaticDebug”不匹配值“MDd_DynamicDebug”(main.obj 中)
libcpmtd.lib(xdateord.obj) : error LNK2038: 检测到“RuntimeLibrary”的不匹配项: 值“MTd_StaticDebug”不匹配值“MDd_DynamicDebug”(main.obj 中)
libcpmtd.lib(xmbtowc.obj) : error LNK2038: 检测到“RuntimeLibrary”的不匹配项: 值“MTd_StaticDebug”不匹配值“MDd_DynamicDebug”(main.obj 中)
libcpmtd.lib(xwcscoll.obj) : error LNK2038: 检测到“RuntimeLibrary”的不匹配项: 值“MTd_StaticDebug”不匹配值“MDd_DynamicDebug”(main.obj 中)
libcpmtd.lib(xwcsxfrm.obj) : error LNK2038: 检测到“RuntimeLibrary”的不匹配项: 值“MTd_StaticDebug”不匹配值“MDd_DynamicDebug”(main.obj 中)
libcpmtd.lib(xgetwctype.obj) : error LNK2038: 检测到“RuntimeLibrary”的不匹配项: 值“MTd_StaticDebug”不匹配值“MDd_DynamicDebug”(main.obj 中)
libcpmtd.lib(xtowlower.obj) : error LNK2038: 检测到“RuntimeLibrary”的不匹配项: 值“MTd_StaticDebug”不匹配值“MDd_DynamicDebug”(main.obj 中)
libcpmtd.lib(xtowupper.obj) : error LNK2038: 检测到“RuntimeLibrary”的不匹配项: 值“MTd_StaticDebug”不匹配值“MDd_DynamicDebug”(main.obj 中)
libcpmtd.lib(xstrxfrm.obj) : error LNK2038: 检测到“RuntimeLibrary”的不匹配项: 值“MTd_StaticDebug”不匹配值“MDd_DynamicDebug”(main.obj 中)
libcpmtd.lib(xmtx.obj) : error LNK2038: 检测到“RuntimeLibrary”的不匹配项: 值“MTd_StaticDebug”不匹配值“MDd_DynamicDebug”(main.obj 中)
libcpmtd.lib(StlCompareStringA.obj) : error LNK2038: 检测到“RuntimeLibrary”的不匹配项: 值“MTd_StaticDebug”不匹配值“MDd_DynamicDebug”(main.obj 中)
libcpmtd.lib(StlCompareStringW.obj) : error LNK2038: 检测到“RuntimeLibrary”的不匹配项: 值“MTd_StaticDebug”不匹配值“MDd_DynamicDebug”(main.obj 中)
libcpmtd.lib(StlLCMapStringW.obj) : error LNK2038: 检测到“RuntimeLibrary”的不匹配项: 值“MTd_StaticDebug”不匹配值“MDd_DynamicDebug”(main.obj 中)
LINK : warning LNK4098: 默认库“LIBCMTD”与其他库的使用冲突；请使用 /NODEFAULTLIB:library
D:\mainProjects\CoffeeStellaExtract\vsprojects\emimagesCover\emImgsCover\Debug\emImgsCover.exe : fatal error LNK1169: 找到一个或多个多重定义的符号
